<?xml version="1.0" encoding="UTF-8"?>
<testng-results ignored="0" total="1" passed="1" failed="0" skipped="0">
  <reporter-output>
  </reporter-output>
  <suite started-at="2024-01-13T18:24:25 IST" name="Default suite" finished-at="2024-01-13T18:24:34 IST" duration-ms="9030">
    <groups>
    </groups>
    <test started-at="2024-01-13T18:24:25 IST" name="Default test" finished-at="2024-01-13T18:24:34 IST" duration-ms="9030">
      <class name="TestLayer.RegisterPageTest">
        <test-method is-config="true" signature="setup()[pri:0, instance:TestLayer.RegisterPageTest@7c24b813]" started-at="2024-01-13T18:24:25 IST" name="setup" finished-at="2024-01-13T18:24:33 IST" duration-ms="7966" status="PASS">
          <reporter-output>
          </reporter-output>
        </test-method> <!-- setup -->
        <test-method signature="validateRegistrationpage()[pri:0, instance:TestLayer.RegisterPageTest@7c24b813]" started-at="2024-01-13T18:24:33 IST" name="validateRegistrationpage" finished-at="2024-01-13T18:24:34 IST" duration-ms="1039" status="PASS">
          <reporter-output>
          </reporter-output>
        </test-method> <!-- validateRegistrationpage -->
        <test-method is-config="true" signature="teradown()[pri:0, instance:TestLayer.RegisterPageTest@7c24b813]" started-at="2024-01-13T18:24:34 IST" name="teradown" finished-at="2024-01-13T18:24:34 IST" duration-ms="0" status="PASS">
          <reporter-output>
          </reporter-output>
        </test-method> <!-- teradown -->
      </class> <!-- TestLayer.RegisterPageTest -->
    </test> <!-- Default test -->
  </suite> <!-- Default suite -->
</testng-results>
